2023-12-11 14:57:43.549  INFO 19836 --- [main] com.example.demo.SareetaApplication      : Starting SareetaApplication on DESKTOP-CESUOHT with PID 19836 (C:\Users\Wakeb ROG\Desktop\project4-Abdulaziz\starter_code\target\classes started by Wakeb ROG in C:\Users\Wakeb ROG\Desktop\project4-Abdulaziz)
2023-12-11 14:57:43.551  INFO 19836 --- [main] com.example.demo.SareetaApplication      : No active profile set, falling back to default profiles: default
2023-12-11 14:57:43.968  INFO 19836 --- [main] .s.d.r.c.RepositoryConfigurationDelegate : Bootstrapping Spring Data JPA repositories in DEFAULT mode.
2023-12-11 14:57:44.032  INFO 19836 --- [main] .s.d.r.c.RepositoryConfigurationDelegate : Finished Spring Data repository scanning in 55ms. Found 4 JPA repository interfaces.
2023-12-11 14:57:44.632  INFO 19836 --- [main] o.s.b.w.embedded.tomcat.TomcatWebServer  : Tomcat initialized with port(s): 8080 (http)
2023-12-11 14:57:44.642  INFO 19836 --- [main] o.apache.catalina.core.StandardService   : Starting service [Tomcat]
2023-12-11 14:57:44.642  INFO 19836 --- [main] org.apache.catalina.core.StandardEngine  : Starting Servlet engine: [Apache Tomcat/9.0.37]
2023-12-11 14:57:44.769  INFO 19836 --- [main] o.a.c.c.C.[Tomcat].[localhost].[/]       : Initializing Spring embedded WebApplicationContext
2023-12-11 14:57:44.769  INFO 19836 --- [main] w.s.c.ServletWebServerApplicationContext : Root WebApplicationContext: initialization completed in 1169 ms
2023-12-11 14:57:44.956  INFO 19836 --- [main] o.hibernate.jpa.internal.util.LogHelper  : HHH000204: Processing PersistenceUnitInfo [name: default]
2023-12-11 14:57:45.016  INFO 19836 --- [main] org.hibernate.Version                    : HHH000412: Hibernate ORM core version 5.4.18.Final
2023-12-11 14:57:45.255  INFO 19836 --- [main] o.hibernate.annotations.common.Version   : HCANN000001: Hibernate Commons Annotations {5.1.0.Final}
2023-12-11 14:57:45.376  INFO 19836 --- [main] com.zaxxer.hikari.HikariDataSource       : HikariPool-1 - Starting...
2023-12-11 14:57:45.592  INFO 19836 --- [main] com.zaxxer.hikari.HikariDataSource       : HikariPool-1 - Start completed.
2023-12-11 14:57:45.617  INFO 19836 --- [main] org.hibernate.dialect.Dialect            : HHH000400: Using dialect: org.hibernate.dialect.H2Dialect
2023-12-11 14:57:46.580  INFO 19836 --- [main] o.h.e.t.j.p.i.JtaPlatformInitiator       : HHH000490: Using JtaPlatform implementation: [org.hibernate.engine.transaction.jta.platform.internal.NoJtaPlatform]
2023-12-11 14:57:46.588  INFO 19836 --- [main] j.LocalContainerEntityManagerFactoryBean : Initialized JPA EntityManagerFactory for persistence unit 'default'
2023-12-11 14:57:46.885  WARN 19836 --- [main] JpaBaseConfiguration$JpaWebConfiguration : spring.jpa.open-in-view is enabled by default. Therefore, database queries may be performed during view rendering. Explicitly configure spring.jpa.open-in-view to disable this warning
2023-12-11 14:57:47.300  INFO 19836 --- [main] o.s.s.web.DefaultSecurityFilterChain     : Creating filter chain: any request, [org.springframework.security.web.context.request.async.WebAsyncManagerIntegrationFilter@35d2312f, org.springframework.security.web.context.SecurityContextPersistenceFilter@77307b51, org.springframework.security.web.header.HeaderWriterFilter@43f7f48d, org.springframework.web.filter.CorsFilter@1b26fac2, org.springframework.security.web.authentication.logout.LogoutFilter@220cda54, com.example.demo.security.JWTAuthenticationFilter@54a033b8, com.example.demo.security.JWTAuthenticationVerificationFilter@62dfe152, org.springframework.security.web.savedrequest.RequestCacheAwareFilter@1e14b269, org.springframework.security.web.servletapi.SecurityContextHolderAwareRequestFilter@102fd71d, org.springframework.security.web.authentication.AnonymousAuthenticationFilter@46a0ef6f, org.springframework.security.web.session.SessionManagementFilter@1999e1f5, org.springframework.security.web.access.ExceptionTranslationFilter@7ae6927, org.springframework.security.web.access.intercept.FilterSecurityInterceptor@6a7ea7c]
2023-12-11 14:57:47.342  INFO 19836 --- [main] o.s.s.concurrent.ThreadPoolTaskExecutor  : Initializing ExecutorService 'applicationTaskExecutor'
2023-12-11 14:57:47.511  INFO 19836 --- [main] o.s.b.w.embedded.tomcat.TomcatWebServer  : Tomcat started on port(s): 8080 (http) with context path ''
2023-12-11 14:57:47.520  INFO 19836 --- [main] com.example.demo.SareetaApplication      : Started SareetaApplication in 4.342 seconds (JVM running for 5.196)
2023-12-11 14:58:50.618  INFO 19836 --- [http-nio-8080-exec-3] o.a.c.c.C.[Tomcat].[localhost].[/]       : Initializing Spring DispatcherServlet 'dispatcherServlet'
2023-12-11 14:58:50.825  INFO 19836 --- [http-nio-8080-exec-3] c.e.demo.controllers.UserController      : created user abdulaziz
2023-12-11 14:59:08.377  INFO 19836 --- [http-nio-8080-exec-6] c.e.demo.controllers.OrderController     : order created for user abdulaziz 

